<?xml version="1.0" encoding="UTF-8"?>
<!-- Generated by org.testng.reporters.JUnitReportReporter -->
<testsuite hostname="LAPTOP-7REP2B3U" failures="0" tests="1" name="CucumberTestRunner.SmokeTestRunnerFile" time="6.925" errors="0" timestamp="2024-03-01T17:25:51 IST" skipped="0">
  <testcase classname="CucumberTestRunner.SmokeTestRunnerFile" name="runScenario" time="6.925"/>
</testsuite> <!-- CucumberTestRunner.SmokeTestRunnerFile -->
